<?xml version="1.0" encoding="UTF-8"?>
<!-- Generated by org.testng.reporters.JUnitReportReporter -->
<testsuite hostname="Elnems" failures="0" tests="6" name="tests.OrderCycleTestWithDDTAndJSON" time="6.232" errors="0" timestamp="2024-05-18T17:48:04 EEST" skipped="0">
  <testcase classname="tests.OrderCycleTestWithDDTAndJSON" name="UserCanLoginSuccssfully" time="3.226"/>
  <system-out/>
  <testcase classname="tests.OrderCycleTestWithDDTAndJSON" name="UserCanViewProductPageAndAddItemToCart" time="0.433"/>
  <system-out/>
  <testcase classname="tests.OrderCycleTestWithDDTAndJSON" name="UserCanViewAddToCartPageAndCheckOut" time="0.393"/>
  <system-out/>
  <testcase classname="tests.OrderCycleTestWithDDTAndJSON" name="UserCanEnterCheckOutData" time="0.729"/>
  <system-out/>
  <testcase classname="tests.OrderCycleTestWithDDTAndJSON" name="UserCanViewCheckOutOverview" time="0.392"/>
  <system-out/>
  <testcase classname="tests.OrderCycleTestWithDDTAndJSON" name="UserCanViewTheCompeletedOrder" time="1.059"/>
  <system-out/>
</testsuite> <!-- tests.OrderCycleTestWithDDTAndJSON -->
