<?xml version="1.0" encoding="UTF-8"?>
<!-- Generated by org.testng.reporters.JUnitReportReporter -->
<testsuite hostname="DESKTOP-G8AT97N" failures="0" tests="1" name="tests.SearchProductUsingAutoSuggestTest" time="0.000" errors="0" timestamp="2024-05-18T12:21:56 EEST" skipped="1">
  <testcase classname="tests.SearchProductUsingAutoSuggestTest" name="UserCanSearchWithAutoSuggest" time="0.000">
    <skipped/>
  </testcase> <!-- UserCanSearchWithAutoSuggest -->
  <system-out/>
</testsuite> <!-- tests.SearchProductUsingAutoSuggestTest -->
