<?xml version="1.0" encoding="UTF-8"?>
<!-- Generated by org.testng.reporters.JUnitReportReporter -->
<testsuite hostname="Elnems" failures="0" tests="5" name="tests.UserLoginTestWithDDTAndJSON" time="5.161" errors="0" timestamp="2024-05-18T17:28:09 EEST" skipped="0">
  <testcase classname="tests.UserLoginTestWithDDTAndJSON" name="UserCanLoginSuccssfully" time="2.918"/>
  <system-out/>
  <testcase classname="tests.UserLoginTestWithDDTAndJSON" name="UserCanViewProductPageAndAddItemToCart" time="0.439"/>
  <system-out/>
  <testcase classname="tests.UserLoginTestWithDDTAndJSON" name="UserCanViewAddToCartPageAndCheckOut" time="0.417"/>
  <system-out/>
  <testcase classname="tests.UserLoginTestWithDDTAndJSON" name="UserCanEnterCheckOutData" time="0.748"/>
  <system-out/>
  <testcase classname="tests.UserLoginTestWithDDTAndJSON" name="UserCanViewCheckOutOverview" time="0.639"/>
  <system-out/>
</testsuite> <!-- tests.UserLoginTestWithDDTAndJSON -->
