<?xml version="1.0" encoding="UTF-8"?>
<!-- Generated by org.testng.reporters.JUnitReportReporter -->
<testsuite hostname="DESKTOP-G8AT97N" failures="0" tests="3" name="tests.UserRegistrationTestWithDDTAndExcel" time="0.000" errors="0" timestamp="2024-05-18T12:21:56 EEST" skipped="3">
  <testcase classname="tests.UserRegistrationTestWithDDTAndExcel" name="UserCanRegisterSuccssfully" time="0.000">
    <skipped/>
  </testcase> <!-- UserCanRegisterSuccssfully -->
  <system-out/>
  <testcase classname="tests.UserRegistrationTestWithDDTAndExcel" name="UserCanRegisterSuccssfully" time="0.000">
    <skipped/>
  </testcase> <!-- UserCanRegisterSuccssfully -->
  <system-out/>
  <testcase classname="tests.UserRegistrationTestWithDDTAndExcel" name="UserCanRegisterSuccssfully" time="0.000">
    <skipped/>
  </testcase> <!-- UserCanRegisterSuccssfully -->
  <system-out/>
</testsuite> <!-- tests.UserRegistrationTestWithDDTAndExcel -->
