<?xml version="1.0" encoding="UTF-8"?>
<!-- Generated by org.testng.reporters.JUnitReportReporter -->
<testsuite hostname="DESKTOP-G8AT97N" failures="0" tests="4" name="tests.AddProductReviewTest" time="0.000" errors="0" timestamp="2024-05-18T12:21:56 EEST" skipped="4">
  <testcase classname="tests.AddProductReviewTest" name="UserCanRegisterSuccssfully" time="0.000">
    <skipped/>
  </testcase> <!-- UserCanRegisterSuccssfully -->
  <system-out/>
  <testcase classname="tests.AddProductReviewTest" name="UserCanSearchWithAutoSuggest" time="0.000">
    <skipped/>
  </testcase> <!-- UserCanSearchWithAutoSuggest -->
  <system-out/>
  <testcase classname="tests.AddProductReviewTest" name="RegisteredUserCanReviewProduct" time="0.000">
    <skipped/>
  </testcase> <!-- RegisteredUserCanReviewProduct -->
  <system-out/>
  <testcase classname="tests.AddProductReviewTest" name="RegisteredUserCanLogout" time="0.000">
    <skipped/>
  </testcase> <!-- RegisteredUserCanLogout -->
  <system-out/>
</testsuite> <!-- tests.AddProductReviewTest -->
